<?xml version="1.0" encoding="UTF-8"?>
<!-- Generated by org.testng.reporters.JUnitReportReporter -->
<testsuite hostname="Godfather" name="seleniumeasy.test.Tests.ManagePopupWindowTest" tests="2" failures="0" timestamp="27 Feb 2021 11:14:54 GMT" time="33.969" errors="0">
  <testcase name="testBtnFollowOnTwitter" time="14.639" classname="seleniumeasy.test.Tests.ManagePopupWindowTest"/>
  <testcase name="verifyFollowAll" time="19.330" classname="seleniumeasy.test.Tests.ManagePopupWindowTest"/>
</testsuite> <!-- seleniumeasy.test.Tests.ManagePopupWindowTest -->
