<?xml version="1.0" encoding="UTF-8"?>
<!-- Generated by org.testng.reporters.JUnitReportReporter -->
<testsuite hostname="Godfather" name="seleniumeasy.test.Tests.tblDataSearchTest" tests="2" failures="0" timestamp="22 Feb 2021 13:17:19 GMT" time="20.918" errors="0">
  <testcase name="verifySearchElementBasedOnAssignee" time="9.763" classname="seleniumeasy.test.Tests.tblDataSearchTest"/>
  <testcase name="verifySearchElementBasedOnUsername" time="11.155" classname="seleniumeasy.test.Tests.tblDataSearchTest"/>
</testsuite> <!-- seleniumeasy.test.Tests.tblDataSearchTest -->
