<?xml version="1.0" encoding="UTF-8"?>
<!-- Generated by org.testng.reporters.JUnitReportReporter -->
<testsuite hostname="Godfather" name="seleniumeasy.test.Tests.HomePageTest" tests="1" failures="0" timestamp="2 Mar 2021 12:54:59 GMT" time="10.135" errors="0">
  <testcase name="verifyTablePaginationMenu" time="10.135" classname="seleniumeasy.test.Tests.HomePageTest"/>
</testsuite> <!-- seleniumeasy.test.Tests.HomePageTest -->
