<?xml version="1.0" encoding="UTF-8"?>
<!-- Generated by org.testng.reporters.JUnitReportReporter -->
<testsuite hostname="Godfather" name="seleniumeasy.test.Tests.HomePageTest" tests="1" failures="0" timestamp="28 Feb 2021 16:44:56 GMT" time="10.205" errors="0">
  <testcase name="verifyTablePaginationMenu" time="10.205" classname="seleniumeasy.test.Tests.HomePageTest"/>
</testsuite> <!-- seleniumeasy.test.Tests.HomePageTest -->
