<?xml version="1.0" encoding="UTF-8"?>
<!-- Generated by org.testng.reporters.JUnitReportReporter -->
<testsuite hostname="Godfather" name="seleniumeasy.test.Tests.BrokenLinkTest" tests="1" failures="0" timestamp="21 Feb 2021 16:17:07 GMT" time="45.902" errors="0">
  <testcase name="testBrokenLinks" time="45.902" classname="seleniumeasy.test.Tests.BrokenLinkTest"/>
</testsuite> <!-- seleniumeasy.test.Tests.BrokenLinkTest -->
