<?xml version="1.0" encoding="UTF-8"?>
<!-- Generated by org.testng.reporters.JUnitReportReporter -->
<testsuite hostname="Godfather" name="seleniumeasy.test.Tests.tblDataSearchTest" tests="5" failures="0" timestamp="2 Mar 2021 12:54:59 GMT" time="88.757" errors="0">
  <testcase name="verifySearchElementBasedOnUsername" time="12.081" classname="seleniumeasy.test.Tests.tblDataSearchTest"/>
  <testcase name="verifySearchElementBasedOnUsername" time="13.418" classname="seleniumeasy.test.Tests.tblDataSearchTest"/>
  <testcase name="verifySearchElementBasedOnAssignee" time="10.967" classname="seleniumeasy.test.Tests.tblDataSearchTest"/>
  <testcase name="verifySearchElementBasedOnAssignee" time="40.805" classname="seleniumeasy.test.Tests.tblDataSearchTest"/>
  <testcase name="verifySearchElementBasedOnAssignee" time="11.486" classname="seleniumeasy.test.Tests.tblDataSearchTest"/>
</testsuite> <!-- seleniumeasy.test.Tests.tblDataSearchTest -->
