<?xml version="1.0" encoding="UTF-8"?>
<!-- Generated by org.testng.reporters.JUnitReportReporter -->
<testsuite hostname="Godfather" name="seleniumeasy.test.Tests.HomePageTest" tests="1" failures="0" timestamp="21 Feb 2021 15:58:02 GMT" time="11.952" errors="0">
  <testcase name="verifyTablePaginationMenu" time="11.952" classname="seleniumeasy.test.Tests.HomePageTest"/>
</testsuite> <!-- seleniumeasy.test.Tests.HomePageTest -->
