<?xml version="1.0" encoding="UTF-8"?>
<!-- Generated by org.testng.reporters.JUnitReportReporter -->
<testsuite hostname="Godfather" name="seleniumeasy.test.Tests.TablePaginationTest" tests="2" failures="0" timestamp="27 Feb 2021 11:14:54 GMT" time="22.909" errors="0">
  <testcase name="verifyTableContents" time="12.343" classname="seleniumeasy.test.Tests.TablePaginationTest"/>
  <testcase name="verifyTableHeader" time="10.566" classname="seleniumeasy.test.Tests.TablePaginationTest"/>
</testsuite> <!-- seleniumeasy.test.Tests.TablePaginationTest -->
