<?xml version="1.0" encoding="UTF-8"?>
<!-- Generated by org.testng.reporters.JUnitReportReporter -->
<testsuite hostname="Godfather" name="seleniumeasy.test.Tests.InputFormValidationTest" tests="9" failures="0" timestamp="2 Mar 2021 12:54:59 GMT" time="105.025" errors="0">
  <testcase name="validateInputForm" time="11.743" classname="seleniumeasy.test.Tests.InputFormValidationTest"/>
  <testcase name="validateInputForm" time="11.553" classname="seleniumeasy.test.Tests.InputFormValidationTest"/>
  <testcase name="validateInputForm" time="11.452" classname="seleniumeasy.test.Tests.InputFormValidationTest"/>
  <testcase name="validateInputForm" time="11.169" classname="seleniumeasy.test.Tests.InputFormValidationTest"/>
  <testcase name="validateInputForm" time="12.438" classname="seleniumeasy.test.Tests.InputFormValidationTest"/>
  <testcase name="validateInputForm" time="10.915" classname="seleniumeasy.test.Tests.InputFormValidationTest"/>
  <testcase name="validateInputForm" time="13.235" classname="seleniumeasy.test.Tests.InputFormValidationTest"/>
  <testcase name="validateInputForm" time="11.380" classname="seleniumeasy.test.Tests.InputFormValidationTest"/>
  <testcase name="validateInputForm" time="11.140" classname="seleniumeasy.test.Tests.InputFormValidationTest"/>
</testsuite> <!-- seleniumeasy.test.Tests.InputFormValidationTest -->
