<?xml version="1.0" encoding="UTF-8"?>
<!-- Generated by org.testng.reporters.JUnitReportReporter -->
<testsuite hostname="Godfather" name="seleniumeasy.test.Tests.TablePaginationTest" tests="2" failures="0" timestamp="11 Feb 2021 15:16:28 GMT" time="3.007" errors="0">
  <testcase name="verifyTableHeader" time="0.182" classname="seleniumeasy.test.Tests.TablePaginationTest"/>
  <testcase name="verifyTableContents" time="2.825" classname="seleniumeasy.test.Tests.TablePaginationTest"/>
</testsuite> <!-- seleniumeasy.test.Tests.TablePaginationTest -->
