<?xml version="1.0" encoding="UTF-8"?>
<!-- Generated by org.testng.reporters.JUnitReportReporter -->
<testsuite hostname="Godfather" name="seleniumeasy.test.Tests.ManagePopupWindowTest" tests="2" failures="0" timestamp="22 Feb 2021 13:17:19 GMT" time="33.550" errors="0">
  <testcase name="testBtnFollowOnTwitter" time="14.295" classname="seleniumeasy.test.Tests.ManagePopupWindowTest"/>
  <testcase name="verifyFollowAll" time="19.255" classname="seleniumeasy.test.Tests.ManagePopupWindowTest"/>
</testsuite> <!-- seleniumeasy.test.Tests.ManagePopupWindowTest -->
