<?xml version="1.0" encoding="UTF-8"?>
<!-- Generated by org.testng.reporters.JUnitReportReporter -->
<testsuite hostname="Godfather" name="seleniumeasy.test.Tests.ManagePopupWindowTest" tests="2" failures="0" timestamp="2 Mar 2021 12:54:59 GMT" time="34.583" errors="0">
  <testcase name="verifyFollowAll" time="19.929" classname="seleniumeasy.test.Tests.ManagePopupWindowTest"/>
  <testcase name="testBtnFollowOnTwitter" time="14.654" classname="seleniumeasy.test.Tests.ManagePopupWindowTest"/>
</testsuite> <!-- seleniumeasy.test.Tests.ManagePopupWindowTest -->
