<?xml version="1.0" encoding="UTF-8"?>
<!-- Generated by org.testng.reporters.JUnitReportReporter -->
<testsuite hostname="Godfather" name="seleniumeasy.test.Tests.TablePaginationTest" tests="2" failures="0" timestamp="21 Feb 2021 15:58:02 GMT" time="22.750" errors="0">
  <testcase name="verifyTableHeader" time="10.026" classname="seleniumeasy.test.Tests.TablePaginationTest"/>
  <testcase name="verifyTableContents" time="12.724" classname="seleniumeasy.test.Tests.TablePaginationTest"/>
</testsuite> <!-- seleniumeasy.test.Tests.TablePaginationTest -->
