<?xml version="1.0" encoding="UTF-8"?>
<!-- Generated by org.testng.reporters.JUnitReportReporter -->
<testsuite hostname="Godfather" name="seleniumeasy.test.Tests.tblDataSearchTest" tests="5" failures="0" timestamp="28 Feb 2021 16:44:56 GMT" time="87.902" errors="0">
  <testcase name="verifySearchElementBasedOnAssignee" time="10.863" classname="seleniumeasy.test.Tests.tblDataSearchTest"/>
  <testcase name="verifySearchElementBasedOnAssignee" time="11.094" classname="seleniumeasy.test.Tests.tblDataSearchTest"/>
  <testcase name="verifySearchElementBasedOnUsername" time="11.572" classname="seleniumeasy.test.Tests.tblDataSearchTest"/>
  <testcase name="verifySearchElementBasedOnAssignee" time="42.790" classname="seleniumeasy.test.Tests.tblDataSearchTest"/>
  <testcase name="verifySearchElementBasedOnUsername" time="11.583" classname="seleniumeasy.test.Tests.tblDataSearchTest"/>
</testsuite> <!-- seleniumeasy.test.Tests.tblDataSearchTest -->
