<?xml version="1.0" encoding="UTF-8"?>
<!-- Generated by org.testng.reporters.JUnitReportReporter -->
<testsuite hostname="Godfather" name="seleniumeasy.test.Tests.InputFormValidationTest" tests="9" failures="0" timestamp="28 Feb 2021 16:44:56 GMT" time="104.752" errors="0">
  <testcase name="validateInputForm" time="11.495" classname="seleniumeasy.test.Tests.InputFormValidationTest"/>
  <testcase name="validateInputForm" time="10.968" classname="seleniumeasy.test.Tests.InputFormValidationTest"/>
  <testcase name="validateInputForm" time="12.796" classname="seleniumeasy.test.Tests.InputFormValidationTest"/>
  <testcase name="validateInputForm" time="12.186" classname="seleniumeasy.test.Tests.InputFormValidationTest"/>
  <testcase name="validateInputForm" time="12.623" classname="seleniumeasy.test.Tests.InputFormValidationTest"/>
  <testcase name="validateInputForm" time="11.246" classname="seleniumeasy.test.Tests.InputFormValidationTest"/>
  <testcase name="validateInputForm" time="11.624" classname="seleniumeasy.test.Tests.InputFormValidationTest"/>
  <testcase name="validateInputForm" time="10.889" classname="seleniumeasy.test.Tests.InputFormValidationTest"/>
  <testcase name="validateInputForm" time="10.925" classname="seleniumeasy.test.Tests.InputFormValidationTest"/>
</testsuite> <!-- seleniumeasy.test.Tests.InputFormValidationTest -->
