<?xml version="1.0" encoding="UTF-8"?>
<!-- Generated by org.testng.reporters.JUnitReportReporter -->
<testsuite hostname="Godfather" name="seleniumeasy.test.Tests.tblDataSearchTest" tests="1" failures="0" timestamp="21 Feb 2021 15:58:02 GMT" time="10.368" errors="0">
  <testcase name="verifySearchElementBasedOnAssignee" time="10.368" classname="seleniumeasy.test.Tests.tblDataSearchTest"/>
</testsuite> <!-- seleniumeasy.test.Tests.tblDataSearchTest -->
