<?xml version="1.0" encoding="UTF-8"?>
<!-- Generated by org.testng.reporters.JUnitReportReporter -->
<testsuite hostname="Godfather" name="seleniumeasy.test.Tests.HomePageTest" tests="1" failures="0" timestamp="11 Jan 2021 17:38:20 GMT" time="0.583" errors="0">
  <testcase name="verifyTablePaginationMenu" time="0.583" classname="seleniumeasy.test.Tests.HomePageTest"/>
</testsuite> <!-- seleniumeasy.test.Tests.HomePageTest -->
