<?xml version="1.0" encoding="UTF-8"?>
<!-- Generated by org.testng.reporters.JUnitReportReporter -->
<testsuite hostname="Godfather" name="seleniumeasy.test.Tests.InputFormValidationTest" tests="1" failures="0" timestamp="7 Mar 2021 16:31:27 GMT" time="14.788" errors="0">
  <testcase name="validateInputForm" time="14.788" classname="seleniumeasy.test.Tests.InputFormValidationTest"/>
</testsuite> <!-- seleniumeasy.test.Tests.InputFormValidationTest -->
