<?xml version="1.0" encoding="UTF-8"?>
<!-- Generated by org.testng.reporters.JUnitReportReporter -->
<testsuite hostname="Godfather" name="seleniumeasy.test.Tests.TablePaginationTest" tests="2" failures="0" timestamp="28 Feb 2021 16:44:56 GMT" time="23.687" errors="0">
  <testcase name="verifyTableHeader" time="10.756" classname="seleniumeasy.test.Tests.TablePaginationTest"/>
  <testcase name="verifyTableContents" time="12.931" classname="seleniumeasy.test.Tests.TablePaginationTest"/>
</testsuite> <!-- seleniumeasy.test.Tests.TablePaginationTest -->
