<?xml version="1.0" encoding="UTF-8"?>
<!-- Generated by org.testng.reporters.JUnitReportReporter -->
<testsuite hostname="Godfather" name="seleniumeasy.test.Tests.BrokenLinkTest" tests="1" failures="0" timestamp="28 Feb 2021 16:44:56 GMT" time="55.656" errors="0">
  <testcase name="testBrokenLinks" time="55.656" classname="seleniumeasy.test.Tests.BrokenLinkTest"/>
</testsuite> <!-- seleniumeasy.test.Tests.BrokenLinkTest -->
