<?xml version="1.0" encoding="UTF-8"?>
<!-- Generated by org.testng.reporters.JUnitReportReporter -->
<testsuite hostname="Godfather" name="seleniumeasy.test.Tests.tblDataSearchTest" tests="5" failures="0" timestamp="27 Feb 2021 11:14:54 GMT" time="84.938" errors="0">
  <testcase name="verifySearchElementBasedOnAssignee" time="11.085" classname="seleniumeasy.test.Tests.tblDataSearchTest"/>
  <testcase name="verifySearchElementBasedOnUsername" time="11.037" classname="seleniumeasy.test.Tests.tblDataSearchTest"/>
  <testcase name="verifySearchElementBasedOnUsername" time="11.082" classname="seleniumeasy.test.Tests.tblDataSearchTest"/>
  <testcase name="verifySearchElementBasedOnAssignee" time="41.147" classname="seleniumeasy.test.Tests.tblDataSearchTest"/>
  <testcase name="verifySearchElementBasedOnAssignee" time="10.587" classname="seleniumeasy.test.Tests.tblDataSearchTest"/>
</testsuite> <!-- seleniumeasy.test.Tests.tblDataSearchTest -->
