<?xml version="1.0" encoding="UTF-8"?>
<!-- Generated by org.testng.reporters.JUnitReportReporter -->
<testsuite hostname="Godfather" name="seleniumeasy.test.Tests.BrokenLinkTest" tests="1" failures="0" timestamp="2 Mar 2021 12:54:59 GMT" time="75.552" errors="0">
  <testcase name="testBrokenLinks" time="75.552" classname="seleniumeasy.test.Tests.BrokenLinkTest"/>
</testsuite> <!-- seleniumeasy.test.Tests.BrokenLinkTest -->
