<?xml version="1.0" encoding="UTF-8"?>
<!-- Generated by org.testng.reporters.JUnitReportReporter -->
<testsuite hostname="Godfather" name="seleniumeasy.test.Tests.BrokenLinkTest" tests="1" failures="0" timestamp="27 Feb 2021 11:14:54 GMT" time="54.214" errors="0">
  <testcase name="testBrokenLinks" time="54.214" classname="seleniumeasy.test.Tests.BrokenLinkTest"/>
</testsuite> <!-- seleniumeasy.test.Tests.BrokenLinkTest -->
