<?xml version="1.0" encoding="UTF-8"?>
<!-- Generated by org.testng.reporters.JUnitReportReporter -->
<testsuite hostname="Godfather" name="seleniumeasy.qa.Base.Base" tests="1" failures="0" timestamp="1 Jan 2021 12:54:08 GMT" time="13.353" errors="0">
  <testcase name="Init" time="13.353" classname="seleniumeasy.qa.Base.Base"/>
</testsuite> <!-- seleniumeasy.qa.Base.Base -->
