<?xml version="1.0" encoding="UTF-8"?>
<!-- Generated by org.testng.reporters.JUnitReportReporter -->
<testsuite hostname="Godfather" name="seleniumeasy.test.Tests.TablePaginationTest" tests="2" failures="0" timestamp="12 Feb 2021 09:47:02 GMT" time="24.155" errors="0">
  <testcase name="verifyTableContents" time="13.637" classname="seleniumeasy.test.Tests.TablePaginationTest"/>
  <testcase name="verifyTableHeader" time="10.518" classname="seleniumeasy.test.Tests.TablePaginationTest"/>
</testsuite> <!-- seleniumeasy.test.Tests.TablePaginationTest -->
