<?xml version="1.0" encoding="UTF-8"?>
<!-- Generated by org.testng.reporters.JUnitReportReporter -->
<testsuite hostname="Godfather" name="seleniumeasy.test.Tests.TablePaginationTest" tests="2" failures="0" timestamp="22 Feb 2021 13:17:19 GMT" time="22.608" errors="0">
  <testcase name="verifyTableHeader" time="9.999" classname="seleniumeasy.test.Tests.TablePaginationTest"/>
  <testcase name="verifyTableContents" time="12.609" classname="seleniumeasy.test.Tests.TablePaginationTest"/>
</testsuite> <!-- seleniumeasy.test.Tests.TablePaginationTest -->
