<?xml version="1.0" encoding="UTF-8"?>
<!-- Generated by org.testng.reporters.JUnitReportReporter -->
<testsuite hostname="Godfather" name="seleniumeasy.test.Tests.ManagePopupWindowTest" tests="2" failures="0" timestamp="28 Feb 2021 16:44:56 GMT" time="35.281" errors="0">
  <testcase name="testBtnFollowOnTwitter" time="15.169" classname="seleniumeasy.test.Tests.ManagePopupWindowTest"/>
  <testcase name="verifyFollowAll" time="20.112" classname="seleniumeasy.test.Tests.ManagePopupWindowTest"/>
</testsuite> <!-- seleniumeasy.test.Tests.ManagePopupWindowTest -->
