<?xml version="1.0" encoding="UTF-8"?>
<!-- Generated by org.testng.reporters.JUnitReportReporter -->
<testsuite hostname="Godfather" name="seleniumeasy.test.Tests.BrokenLinkTest" tests="1" failures="0" timestamp="22 Feb 2021 13:17:19 GMT" time="48.794" errors="0">
  <testcase name="testBrokenLinks" time="48.794" classname="seleniumeasy.test.Tests.BrokenLinkTest"/>
</testsuite> <!-- seleniumeasy.test.Tests.BrokenLinkTest -->
