<?xml version="1.0" encoding="UTF-8"?>
<!-- Generated by org.testng.reporters.JUnitReportReporter -->
<testsuite hostname="Godfather" name="seleniumeasy.test.Tests.HomePageTest" tests="1" failures="0" timestamp="22 Feb 2021 13:17:19 GMT" time="10.719" errors="0">
  <testcase name="verifyTablePaginationMenu" time="10.719" classname="seleniumeasy.test.Tests.HomePageTest"/>
</testsuite> <!-- seleniumeasy.test.Tests.HomePageTest -->
